<?xml version="1.0" encoding="UTF-8"?>
<testng-results ignored="0" total="1" passed="1" failed="0" skipped="0">
  <reporter-output>
  </reporter-output>
  <suite started-at="2023-04-04T19:07:12 IST" name="Default suite" finished-at="2023-04-04T19:07:19 IST" duration-ms="7580">
    <groups>
    </groups>
    <test started-at="2023-04-04T19:07:12 IST" name="Default test" finished-at="2023-04-04T19:07:19 IST" duration-ms="7580">
      <class name="testscripts.Test3">
        <test-method is-config="true" signature="classConfiguration()[pri:0, instance:testscripts.Test3@2145b572]" started-at="2023-04-04T19:07:12 IST" name="classConfiguration" finished-at="2023-04-04T19:07:14 IST" duration-ms="1728" status="PASS">
          <reporter-output>
          </reporter-output>
        </test-method> <!-- classConfiguration -->
        <test-method is-config="true" signature="methodConfiguration()[pri:0, instance:testscripts.Test3@2145b572]" started-at="2023-04-04T19:07:14 IST" name="methodConfiguration" finished-at="2023-04-04T19:07:14 IST" duration-ms="463" status="PASS">
          <reporter-output>
          </reporter-output>
        </test-method> <!-- methodConfiguration -->
        <test-method signature="test3()[pri:0, instance:testscripts.Test3@2145b572]" started-at="2023-04-04T19:07:14 IST" name="test3" finished-at="2023-04-04T19:07:19 IST" duration-ms="5261" status="PASS">
          <reporter-output>
          </reporter-output>
        </test-method> <!-- test3 -->
        <test-method is-config="true" signature="methodTearDown()[pri:0, instance:testscripts.Test3@2145b572]" started-at="2023-04-04T19:07:19 IST" name="methodTearDown" finished-at="2023-04-04T19:07:19 IST" duration-ms="0" status="PASS">
          <reporter-output>
          </reporter-output>
        </test-method> <!-- methodTearDown -->
        <test-method is-config="true" signature="classTearDown()[pri:0, instance:testscripts.Test3@2145b572]" started-at="2023-04-04T19:07:19 IST" name="classTearDown" finished-at="2023-04-04T19:07:19 IST" duration-ms="110" status="PASS">
          <reporter-output>
          </reporter-output>
        </test-method> <!-- classTearDown -->
      </class> <!-- testscripts.Test3 -->
    </test> <!-- Default test -->
  </suite> <!-- Default suite -->
</testng-results>
